<?xml version="1.0" encoding="UTF-8"?>
<!-- Generated by org.testng.reporters.JUnitXMLReporter -->
<testsuite hostname="VivekDesktop" ignored="0" name="ExpediaAutomationTest" tests="5" failures="0" timestamp="08 Dec 2018 15:13:15 GMT" time="80.148" errors="0">
  <testcase name="keepSignInCheckBoxTest" time="0.118" classname="com.expedia.test.SignInTest"/>
  <testcase name="signInTest" time="2.705" classname="com.expedia.test.SignInTest"/>
  <testcase name="signInTest" time="2.649" classname="com.expedia.test.SignInTest"/>
  <testcase name="signInTest" time="2.738" classname="com.expedia.test.SignInTest"/>
  <testcase name="signInTest" time="2.504" classname="com.expedia.test.SignInTest"/>
</testsuite> <!-- ExpediaAutomationTest -->
