<?xml version="1.0" encoding="UTF-8"?>
<!-- Generated by org.testng.reporters.JUnitXMLReporter -->
<testsuite hostname="VivekDesktop" ignored="0" name="Default test" tests="5" failures="0" timestamp="03 Dec 2018 11:17:35 GMT" time="74.749" errors="0">
  <testcase name="keepSignInCheckBoxTest" time="0.14" classname="com.expedia.test.SignInTest"/>
  <testcase name="signInTest" time="3.066" classname="com.expedia.test.SignInTest"/>
  <testcase name="signInTest" time="2.775" classname="com.expedia.test.SignInTest"/>
  <testcase name="signInTest" time="2.719" classname="com.expedia.test.SignInTest"/>
  <testcase name="signInTest" time="2.571" classname="com.expedia.test.SignInTest"/>
</testsuite> <!-- Default test -->
