<?xml version="1.0" encoding="UTF-8" ?>
<testsuite tests="17" failures="2" name="TestSuite" time="1,020.741" errors="0" skipped="14">
  <properties>
[...]
</properties>
  <testcase classname="com.expedia.test.HomePageTest" name="validateExpediaLogo" time="0.195"/>
  <testcase classname="com.expedia.test.HomePageTest" name="validateHomePageTitle" time="0.048">
    <failure message="expected [Expedia Travel: Vacations, Cheap Flights, Airline Tickets &amp; Airfares] but found [Sign In]" type="java.lang.AssertionError">java.lang.AssertionError: expected [Expedia Travel: Vacations, Cheap Flights, Airline Tickets &amp; Airfares] but found [Sign In]
	at org.testng.Assert.fail(Assert.java:96)
	at org.testng.Assert.failNotEquals(Assert.java:776)
	at org.testng.Assert.assertEqualsImpl(Assert.java:137)
	at org.testng.Assert.assertEquals(Assert.java:118)
	at org.testng.Assert.assertEquals(Assert.java:453)
	at org.testng.Assert.assertEquals(Assert.java:463)
	at com.expedia.test.HomePageTest.validateHomePageTitle(HomePageTest.java:33)
</failure>
  </testcase>
  <testcase classname="com.expedia.test.SignInTest" name="setup" time="67.191">
    <failure message="Timeout loading page after 60000ms
Build info: version: &apos;3.141.59&apos;, revision: &apos;e82be7d358&apos;, time: &apos;2018-11-14T08:17:03&apos;
System info: host: &apos;VIVEKDESKTOP&apos;, ip: &apos;192.168.0.105&apos;, os.name: &apos;Windows 10&apos;, os.arch: &apos;amd64&apos;, os.version: &apos;10.0&apos;, java.version: &apos;1.8.0_191&apos;
Driver info: org.openqa.selenium.firefox.FirefoxDriver
Capabilities {acceptInsecureCerts: true, browserName: firefox, browserVersion: 60.3.0, javascriptEnabled: true, moz:accessibilityChecks: false, moz:geckodriverVersion: 0.23.0, moz:headless: false, moz:processID: 7988, moz:profile: C:\Users\hp\AppData\Local\T..., moz:useNonSpecCompliantPointerOrigin: false, moz:webdriverClick: true, pageLoadStrategy: normal, platform: XP, platformName: XP, platformVersion: 10.0, rotatable: false, timeouts: {implicit: 0, pageLoad: 300000, script: 30000}}
Session ID: a04e33eb-3503-47c3-b9a6-e57523f07247" type="org.openqa.selenium.TimeoutException">org.openqa.selenium.TimeoutException: Timeout loading page after 60000ms
Build info: version: &apos;3.141.59&apos;, revision: &apos;e82be7d358&apos;, time: &apos;2018-11-14T08:17:03&apos;
System info: host: &apos;VIVEKDESKTOP&apos;, ip: &apos;192.168.0.105&apos;, os.name: &apos;Windows 10&apos;, os.arch: &apos;amd64&apos;, os.version: &apos;10.0&apos;, java.version: &apos;1.8.0_191&apos;
Driver info: org.openqa.selenium.firefox.FirefoxDriver
Capabilities {acceptInsecureCerts: true, browserName: firefox, browserVersion: 60.3.0, javascriptEnabled: true, moz:accessibilityChecks: false, moz:geckodriverVersion: 0.23.0, moz:headless: false, moz:processID: 7988, moz:profile: C:\Users\hp\AppData\Local\T..., moz:useNonSpecCompliantPointerOrigin: false, moz:webdriverClick: true, pageLoadStrategy: normal, platform: XP, platformName: XP, platformVersion: 10.0, rotatable: false, timeouts: {implicit: 0, pageLoad: 300000, script: 30000}}
Session ID: a04e33eb-3503-47c3-b9a6-e57523f07247
	at sun.reflect.NativeConstructorAccessorImpl.newInstance0(Native Method)
	at sun.reflect.NativeConstructorAccessorImpl.newInstance(NativeConstructorAccessorImpl.java:62)
	at sun.reflect.DelegatingConstructorAccessorImpl.newInstance(DelegatingConstructorAccessorImpl.java:45)
	at java.lang.reflect.Constructor.newInstance(Constructor.java:423)
	at org.openqa.selenium.remote.http.W3CHttpResponseCodec.createException(W3CHttpResponseCodec.java:187)
	at org.openqa.selenium.remote.http.W3CHttpResponseCodec.decode(W3CHttpResponseCodec.java:122)
	at org.openqa.selenium.remote.http.W3CHttpResponseCodec.decode(W3CHttpResponseCodec.java:49)
	at org.openqa.selenium.remote.HttpCommandExecutor.execute(HttpCommandExecutor.java:158)
	at org.openqa.selenium.remote.service.DriverCommandExecutor.execute(DriverCommandExecutor.java:83)
	at org.openqa.selenium.remote.RemoteWebDriver.execute(RemoteWebDriver.java:552)
	at org.openqa.selenium.remote.RemoteWebDriver.get(RemoteWebDriver.java:277)
	at sun.reflect.NativeMethodAccessorImpl.invoke0(Native Method)
	at sun.reflect.NativeMethodAccessorImpl.invoke(NativeMethodAccessorImpl.java:62)
	at sun.reflect.DelegatingMethodAccessorImpl.invoke(DelegatingMethodAccessorImpl.java:43)
	at java.lang.reflect.Method.invoke(Method.java:498)
	at org.openqa.selenium.support.events.EventFiringWebDriver.lambda$new$1(EventFiringWebDriver.java:105)
	at com.sun.proxy.$Proxy8.get(Unknown Source)
	at org.openqa.selenium.support.events.EventFiringWebDriver.get(EventFiringWebDriver.java:165)
	at com.expedia.base.BaseClass.initialization(BaseClass.java:58)
	at com.expedia.test.SignInTest.setup(SignInTest.java:32)
</failure>
    <system-out>Before navigating to: &apos;https://www.expedia.co.in/user/signin&apos;
Exception occured: org.openqa.selenium.TimeoutException: Timeout loading page after 60000ms
Build info: version: &apos;3.141.59&apos;, revision: &apos;e82be7d358&apos;, time: &apos;2018-11-14T08:17:03&apos;
System info: host: &apos;VIVEKDESKTOP&apos;, ip: &apos;192.168.0.105&apos;, os.name: &apos;Windows 10&apos;, os.arch: &apos;amd64&apos;, os.version: &apos;10.0&apos;, java.version: &apos;1.8.0_191&apos;
Driver info: org.openqa.selenium.firefox.FirefoxDriver
Capabilities {acceptInsecureCerts: true, browserName: firefox, browserVersion: 60.3.0, javascriptEnabled: true, moz:accessibilityChecks: false, moz:geckodriverVersion: 0.23.0, moz:headless: false, moz:processID: 7988, moz:profile: C:\Users\hp\AppData\Local\T..., moz:useNonSpecCompliantPointerOrigin: false, moz:webdriverClick: true, pageLoadStrategy: normal, platform: XP, platformName: XP, platformVersion: 10.0, rotatable: false, timeouts: {implicit: 0, pageLoad: 300000, script: 30000}}
Session ID: a04e33eb-3503-47c3-b9a6-e57523f07247
</system-out>
    <system-err>[Parent 3708, Gecko_IOThread] WARNING: pipe error: 109: file z:/build/build/src/ipc/chromium/src/chrome/common/ipc_channel_win.cc, line 346
JavaScript error: https://www.gstatic.com/recaptcha/api2/v1545073489967/recaptcha__en_gb.js, line 196: NS_ERROR_NOT_INITIALIZED: 
[Parent 3708, Gecko_IOThread] WARNING: pipe error: 109: file z:/build/build/src/ipc/chromium/src/chrome/common/ipc_channel_win.cc, line 346
[Child 6560, Chrome_ChildTh
###!!! [Child][MessageChannel] Error: (msgtype=0x49000E,name=PHttpChannel::Msg_DeletingChannel) Channel closing: too late to send/recv, messages will be lost

read] WARNING: pipe error: 109: file z:
###!!! [Child][RunMessage] Error: Channel closing: too late to send/recv, messages will be lost

/build/b
###!!! [Child][RunMessage] Error: Channel closing: too late to send/recv, messages will be lost

uild/src/ipc/chromium/src/chrome/common/ipc_channel_win.cc, line 346
[Ch[Parent 3708, Gecko_IOThread] WARNING: pipe error: 109: file z:/build/build/src/ipc/chromium/src/chrome/common/ipc_channel_win.cc, line 346
*** UTM:SVC TimerManager:registerTimer called after profile-before-change notification. Ignoring timer registration for id: telemetry_modules_ping

###!!! [Child][MessageChannel::SendAndWait] Error: Channel error: cannot send/recv

1545857098008	mozrunner::runner	INFO	Running command: &quot;C:\\Program Files\\Mozilla Firefox\\firefox.exe&quot; &quot;-marionette&quot; &quot;-foreground&quot; &quot;-no-remote&quot; &quot;-profile&quot; &quot;C:\\Users\\hp\\AppData\\Local\\Temp\\rust_mozprofile.9rM1vZK0zpCO&quot;
Unable to read VR Path Registry from C:\Users\hp\AppData\Local\openvr\openvrpaths.vrpath
Unable to read VR Path Registry from C:\Users\hp\AppData\Local\openvr\openvrpaths.vrpath
Unable to read VR Path Registry from C:\Users\hp\AppData\Local\openvr\openvrpaths.vrpath
Unable to read VR Path Registry from C:\Users\hp\AppData\Local\openvr\openvrpaths.vrpath
Unable to read VR Path Registry from C:\Users\hp\AppData\Local\openvr\openvrpaths.vrpath
1545857100565	Marionette	INFO	Listening on port 53032
1545857100733	Marionette	WARN	TLS certificate errors will be ignored for this session
Dec 27, 2018 2:15:00 AM org.openqa.selenium.remote.ProtocolHandshake createSession
INFO: Detected dialect: W3C
</system-err>
  </testcase>
  <testcase classname="com.expedia.test.SignInTest" name="keepSignInCheckBoxTest" time="67.191">
    <skipped/>
  </testcase>
  <testcase classname="com.expedia.test.SignInTest" name="tearDown" time="67.191">
    <skipped/>
  </testcase>
  <testcase classname="com.expedia.test.SignInTest" name="setup" time="68.24">
    <skipped/>
  </testcase>
  <testcase classname="com.expedia.test.SignInTest" name="signInTest" time="68.24">
    <skipped/>
  </testcase>
  <testcase classname="com.expedia.test.SignInTest" name="tearDown" time="68.24">
    <skipped/>
  </testcase>
  <testcase classname="com.expedia.test.SignInTest" name="setup" time="68.241">
    <skipped/>
  </testcase>
  <testcase classname="com.expedia.test.SignInTest" name="signInTest" time="68.241">
    <skipped/>
  </testcase>
  <testcase classname="com.expedia.test.SignInTest" name="tearDown" time="68.242">
    <skipped/>
  </testcase>
  <testcase classname="com.expedia.test.SignInTest" name="setup" time="68.242">
    <skipped/>
  </testcase>
  <testcase classname="com.expedia.test.SignInTest" name="signInTest" time="68.247">
    <skipped/>
  </testcase>
  <testcase classname="com.expedia.test.SignInTest" name="tearDown" time="68.248">
    <skipped/>
  </testcase>
  <testcase classname="com.expedia.test.SignInTest" name="setup" time="68.248">
    <skipped/>
  </testcase>
  <testcase classname="com.expedia.test.SignInTest" name="signInTest" time="68.248">
    <skipped/>
  </testcase>
  <testcase classname="com.expedia.test.SignInTest" name="tearDown" time="68.248">
    <skipped/>
  </testcase>
</testsuite>