<?xml version="1.0" encoding="UTF-8"?>
<testng-results skipped="0" failed="0" ignored="0" total="5" passed="5">
  <reporter-output>
  </reporter-output>
  <suite name="ExpediaAutomationSuite" duration-ms="80148" started-at="2018-12-08T15:11:55Z" finished-at="2018-12-08T15:13:15Z">
    <groups>
    </groups>
    <test name="ExpediaAutomationTest" duration-ms="80148" started-at="2018-12-08T15:11:55Z" finished-at="2018-12-08T15:13:15Z">
      <class name="com.expedia.test.SignInTest">
        <test-method status="PASS" signature="setup()[pri:0, instance:com.expedia.test.SignInTest@91161c7]" name="setup" is-config="true" duration-ms="12473" started-at="2018-12-08T15:11:55Z" finished-at="2018-12-08T15:12:08Z">
          <reporter-output>
          </reporter-output>
        </test-method> <!-- setup -->
        <test-method status="PASS" signature="keepSignInCheckBoxTest()[pri:0, instance:com.expedia.test.SignInTest@91161c7]" name="keepSignInCheckBoxTest" duration-ms="118" started-at="2018-12-08T15:12:08Z" finished-at="2018-12-08T15:12:08Z">
          <reporter-output>
          </reporter-output>
        </test-method> <!-- keepSignInCheckBoxTest -->
        <test-method status="PASS" signature="tearDown()[pri:0, instance:com.expedia.test.SignInTest@91161c7]" name="tearDown" is-config="true" duration-ms="3492" started-at="2018-12-08T15:12:08Z" finished-at="2018-12-08T15:12:11Z">
          <reporter-output>
          </reporter-output>
        </test-method> <!-- tearDown -->
        <test-method status="PASS" signature="setup()[pri:0, instance:com.expedia.test.SignInTest@91161c7]" name="setup" is-config="true" duration-ms="10554" started-at="2018-12-08T15:12:12Z" finished-at="2018-12-08T15:12:23Z">
          <reporter-output>
          </reporter-output>
        </test-method> <!-- setup -->
        <test-method status="PASS" signature="signInTest(java.lang.String, java.lang.String)[pri:0, instance:com.expedia.test.SignInTest@91161c7]" name="signInTest" duration-ms="2705" started-at="2018-12-08T15:12:23Z" data-provider="getDataFromExcel" finished-at="2018-12-08T15:12:25Z">
          <params>
            <param index="0">
              <value>
                <![CDATA[viveklakhina2@gmail.com]]>
              </value>
            </param>
            <param index="1">
              <value>
                <![CDATA[Dojiona@1992]]>
              </value>
            </param>
          </params>
          <reporter-output>
          </reporter-output>
        </test-method> <!-- signInTest -->
        <test-method status="PASS" signature="tearDown()[pri:0, instance:com.expedia.test.SignInTest@91161c7]" name="tearDown" is-config="true" duration-ms="1149" started-at="2018-12-08T15:12:25Z" finished-at="2018-12-08T15:12:26Z">
          <reporter-output>
          </reporter-output>
        </test-method> <!-- tearDown -->
        <test-method status="PASS" signature="setup()[pri:0, instance:com.expedia.test.SignInTest@91161c7]" name="setup" is-config="true" duration-ms="10795" started-at="2018-12-08T15:12:26Z" finished-at="2018-12-08T15:12:37Z">
          <reporter-output>
          </reporter-output>
        </test-method> <!-- setup -->
        <test-method status="PASS" signature="signInTest(java.lang.String, java.lang.String)[pri:0, instance:com.expedia.test.SignInTest@91161c7]" name="signInTest" duration-ms="2649" started-at="2018-12-08T15:12:37Z" data-provider="getDataFromExcel" finished-at="2018-12-08T15:12:40Z">
          <params>
            <param index="0">
              <value>
                <![CDATA[premprakash@gmail.com]]>
              </value>
            </param>
            <param index="1">
              <value>
                <![CDATA[ihavebrains]]>
              </value>
            </param>
          </params>
          <reporter-output>
          </reporter-output>
        </test-method> <!-- signInTest -->
        <test-method status="PASS" signature="tearDown()[pri:0, instance:com.expedia.test.SignInTest@91161c7]" name="tearDown" is-config="true" duration-ms="3497" started-at="2018-12-08T15:12:40Z" finished-at="2018-12-08T15:12:43Z">
          <reporter-output>
          </reporter-output>
        </test-method> <!-- tearDown -->
        <test-method status="PASS" signature="setup()[pri:0, instance:com.expedia.test.SignInTest@91161c7]" name="setup" is-config="true" duration-ms="10913" started-at="2018-12-08T15:12:43Z" finished-at="2018-12-08T15:12:54Z">
          <reporter-output>
          </reporter-output>
        </test-method> <!-- setup -->
        <test-method status="PASS" signature="signInTest(java.lang.String, java.lang.String)[pri:0, instance:com.expedia.test.SignInTest@91161c7]" name="signInTest" duration-ms="2738" started-at="2018-12-08T15:12:54Z" data-provider="getDataFromExcel" finished-at="2018-12-08T15:12:57Z">
          <params>
            <param index="0">
              <value>
                <![CDATA[rishubijuri@gmail.com]]>
              </value>
            </param>
            <param index="1">
              <value>
                <![CDATA[iknowpremhasbrain]]>
              </value>
            </param>
          </params>
          <reporter-output>
          </reporter-output>
        </test-method> <!-- signInTest -->
        <test-method status="PASS" signature="tearDown()[pri:0, instance:com.expedia.test.SignInTest@91161c7]" name="tearDown" is-config="true" duration-ms="3493" started-at="2018-12-08T15:12:57Z" finished-at="2018-12-08T15:13:01Z">
          <reporter-output>
          </reporter-output>
        </test-method> <!-- tearDown -->
        <test-method status="PASS" signature="setup()[pri:0, instance:com.expedia.test.SignInTest@91161c7]" name="setup" is-config="true" duration-ms="11105" started-at="2018-12-08T15:13:01Z" finished-at="2018-12-08T15:13:12Z">
          <reporter-output>
          </reporter-output>
        </test-method> <!-- setup -->
        <test-method status="PASS" signature="signInTest(java.lang.String, java.lang.String)[pri:0, instance:com.expedia.test.SignInTest@91161c7]" name="signInTest" duration-ms="2504" started-at="2018-12-08T15:13:12Z" data-provider="getDataFromExcel" finished-at="2018-12-08T15:13:14Z">
          <params>
            <param index="0">
              <value>
                <![CDATA[test]]>
              </value>
            </param>
            <param index="1">
              <value>
                <![CDATA[123123a]]>
              </value>
            </param>
          </params>
          <reporter-output>
          </reporter-output>
        </test-method> <!-- signInTest -->
        <test-method status="PASS" signature="tearDown()[pri:0, instance:com.expedia.test.SignInTest@91161c7]" name="tearDown" is-config="true" duration-ms="1222" started-at="2018-12-08T15:13:14Z" finished-at="2018-12-08T15:13:15Z">
          <reporter-output>
          </reporter-output>
        </test-method> <!-- tearDown -->
      </class> <!-- com.expedia.test.SignInTest -->
    </test> <!-- ExpediaAutomationTest -->
  </suite> <!-- ExpediaAutomationSuite -->
</testng-results>
